[ 2016-12-15T10:38:53+08:00 ] 111.11.85.3 /school1/index.php/Home/User/cheakname
INFO: [ app_begin ] --START--
INFO: Run Behavior\ReadHtmlCacheBehavior [ RunTime:0.000000s ]
INFO: [ app_begin ] --END-- [ RunTime:0.015625s ]
SQL: SHOW COLUMNS FROM `think_user` [ RunTime:0.0000s ]
SQL: SELECT * FROM `think_user` WHERE ( username='zzz' ) LIMIT 1   [ RunTime:0.0000s ]
INFO: [ app_end ] --START--
INFO: Run Behavior\ShowPageTraceBehavior [ RunTime:0.015625s ]
INFO: [ app_end ] --END-- [ RunTime:0.015625s ]

[ 2016-12-15T10:39:22+08:00 ] 111.11.85.3 /school1/index.php/Home/User/cheakemail
INFO: [ app_begin ] --START--
INFO: Run Behavior\ReadHtmlCacheBehavior [ RunTime:0.000000s ]
INFO: [ app_begin ] --END-- [ RunTime:0.000000s ]
SQL: SHOW COLUMNS FROM `think_user` [ RunTime:0.0000s ]
SQL: SELECT * FROM `think_user` WHERE ( useremail='a@q.c' ) LIMIT 1   [ RunTime:0.0000s ]
INFO: [ app_end ] --START--
INFO: Run Behavior\ShowPageTraceBehavior [ RunTime:0.000000s ]
INFO: [ app_end ] --END-- [ RunTime:0.000000s ]

[ 2016-12-15T10:41:30+08:00 ] 111.11.85.3 /school1/index.php/Home/syllabus/style/standard/jw.css
ERR: 非法操作:style

[ 2016-12-15T10:41:30+08:00 ] 111.11.85.3 /school1/index.php/Home/syllabus/style/base/jw.css
ERR: 非法操作:style

[ 2016-12-15T10:41:37+08:00 ] 111.11.85.3 /school1/index.php/Home/syllabus/xskbcx.aspx?xh=2014011736&xm=%B6%C5%BD%A8%B2%A9&gnmkdm=N121603
ERR: 非法操作:xskbcx.aspx

